Loaded Prisma config from prisma.config.ts.

node:events:486
      throw er; // Unhandled 'error' event
      ^

Error: listen EADDRINUSE: address already in use :::5555
    at Server.setupListenHandle [as _listen2] (node:net:1940:16)
    at listenInCluster (node:net:1997:12)
    at Server.listen (node:net:2102:7)
    at wrt (C:\NCS\vsCode\notice-next\node_modules\prisma\build\index.js:4774:7950)
    at e.parse (C:\NCS\vsCode\notice-next\node_modules\prisma\build\index.js:4815:2273)
    at async e.parse (C:\NCS\vsCode\notice-next\node_modules\prisma\build\index.js:1060:2319)
    at async Oir (C:\NCS\vsCode\notice-next\node_modules\prisma\build\index.js:4920:136)
Emitted 'error' event on Server instance at:
    at emitErrorNT (node:net:1976:8)
    at process.processTicksAndRejections (node:internal/process/task_queues:89:21) {
  code: 'EADDRINUSE',
  errno: -4091,
  syscall: 'listen',
  address: '::',
  port: 5555
}

Node.js v24.12.0
